# JRE version: Java(TM) SE Runtime Environment (8.0_211-b12) (build 1.8.0_211-b12)
# Java VM: Java HotSpot(TM) 64-Bit Server VM (25.211-b12 mixed mode windows-amd64 compressed oops)
Heap:
 PSYoungGen      total 633344K, used 610747K [0x00000000d5f00000, 0x0000000100000000, 0x0000000100000000)
  eden space 577536K, 100% used [0x00000000d5f00000,0x00000000f9300000,0x00000000f9300000)
  from space 55808K, 59% used [0x00000000f9300000,0x00000000fb36ec90,0x00000000fc980000)
  to   space 55808K, 59% used [0x00000000fc980000,0x00000000fe9ccd40,0x0000000100000000)
 ParOldGen       total 201728K, used 79975K [0x0000000081c00000, 0x000000008e100000, 0x00000000d5f00000)
  object space 201728K, 39% used [0x0000000081c00000,0x0000000086a19f98,0x000000008e100000)
 Metaspace       used 122719K, capacity 126810K, committed 127104K, reserved 1163264K
  class space    used 13114K, capacity 13837K, committed 13952K, reserved 1048576K
GC Heap History (10 events):
Event: 64.855 GC heap after
Heap after GC invocations=29 (full 4):
 PSYoungGen      total 579584K, used 17753K [0x00000000d5f00000, 0x0000000100000000, 0x0000000100000000)
  eden space 527360K, 0% used [0x00000000d5f00000,0x00000000d5f00000,0x00000000f6200000)
  from space 52224K, 33% used [0x00000000f6200000,0x00000000f73567b8,0x00000000f9500000)
  to   space 50176K, 0% used [0x00000000fcf00000,0x00000000fcf00000,0x0000000100000000)
 ParOldGen       total 201728K, used 79943K [0x0000000081c00000, 0x000000008e100000, 0x00000000d5f00000)
  object space 201728K, 39% used [0x0000000081c00000,0x0000000086a11f98,0x000000008e100000)
 Metaspace       used 106001K, capacity 109408K, committed 109696K, reserved 1146880K
  class space    used 11173K, capacity 11820K, committed 11904K, reserved 1048576K
}
Event: 75.323 GC heap before
{Heap before GC invocations=30 (full 4):
 PSYoungGen      total 579584K, used 545113K [0x00000000d5f00000, 0x0000000100000000, 0x0000000100000000)
  eden space 527360K, 100% used [0x00000000d5f00000,0x00000000f6200000,0x00000000f6200000)
  from space 52224K, 33% used [0x00000000f6200000,0x00000000f73567b8,0x00000000f9500000)
  to   space 50176K, 0% used [0x00000000fcf00000,0x00000000fcf00000,0x0000000100000000)
 ParOldGen       total 201728K, used 79943K [0x0000000081c00000, 0x000000008e100000, 0x00000000d5f00000)
  object space 201728K, 39% used [0x0000000081c00000,0x0000000086a11f98,0x000000008e100000)
 Metaspace       used 116338K, capacity 120298K, committed 120576K, reserved 1157120K
  class space    used 12482K, capacity 13201K, committed 13312K, reserved 1048576K
Event: 75.366 GC heap after
Heap after GC invocations=30 (full 4):
 PSYoungGen      total 633856K, used 35933K [0x00000000d5f00000, 0x0000000100000000, 0x0000000100000000)
  eden space 583680K, 0% used [0x00000000d5f00000,0x00000000d5f00000,0x00000000f9900000)
  from space 50176K, 71% used [0x00000000fcf00000,0x00000000ff217650,0x0000000100000000)
  to   space 52736K, 0% used [0x00000000f9900000,0x00000000f9900000,0x00000000fcc80000)
 ParOldGen       total 201728K, used 79951K [0x0000000081c00000, 0x000000008e100000, 0x00000000d5f00000)
  object space 201728K, 39% used [0x0000000081c00000,0x0000000086a13f98,0x000000008e100000)
 Metaspace       used 116338K, capacity 120298K, committed 120576K, reserved 1157120K
  class space    used 12482K, capacity 13201K, committed 13312K, reserved 1048576K
}
Event: 79.509 GC heap before
{Heap before GC invocations=31 (full 4):
 PSYoungGen      total 633856K, used 619613K [0x00000000d5f00000, 0x0000000100000000, 0x0000000100000000)
  eden space 583680K, 100% used [0x00000000d5f00000,0x00000000f9900000,0x00000000f9900000)
  from space 50176K, 71% used [0x00000000fcf00000,0x00000000ff217650,0x0000000100000000)
  to   space 52736K, 0% used [0x00000000f9900000,0x00000000f9900000,0x00000000fcc80000)
 ParOldGen       total 201728K, used 79951K [0x0000000081c00000, 0x000000008e100000, 0x00000000d5f00000)
  object space 201728K, 39% used [0x0000000081c00000,0x0000000086a13f98,0x000000008e100000)
 Metaspace       used 118037K, capacity 122034K, committed 122240K, reserved 1159168K
  class space    used 12615K, capacity 13341K, committed 13440K, reserved 1048576K
Event: 79.546 GC heap after
Heap after GC invocations=31 (full 4):
 PSYoungGen      total 619520K, used 35765K [0x00000000d5f00000, 0x0000000100000000, 0x0000000100000000)
  eden space 583680K, 0% used [0x00000000d5f00000,0x00000000d5f00000,0x00000000f9900000)
  from space 35840K, 99% used [0x00000000f9900000,0x00000000fbbed4b0,0x00000000fbc00000)
  to   space 54272K, 0% used [0x00000000fcb00000,0x00000000fcb00000,0x0000000100000000)
 ParOldGen       total 201728K, used 79951K [0x0000000081c00000, 0x000000008e100000, 0x00000000d5f00000)
  object space 201728K, 39% used [0x0000000081c00000,0x0000000086a13f98,0x000000008e100000)
 Metaspace       used 118037K, capacity 122034K, committed 122240K, reserved 1159168K
  class space    used 12615K, capacity 13341K, committed 13440K, reserved 1048576K
}
Event: 319.639 GC heap before
{Heap before GC invocations=32 (full 4):
 PSYoungGen      total 619520K, used 619445K [0x00000000d5f00000, 0x0000000100000000, 0x0000000100000000)
  eden space 583680K, 100% used [0x00000000d5f00000,0x00000000f9900000,0x00000000f9900000)
  from space 35840K, 99% used [0x00000000f9900000,0x00000000fbbed4b0,0x00000000fbc00000)
  to   space 54272K, 0% used [0x00000000fcb00000,0x00000000fcb00000,0x0000000100000000)
 ParOldGen       total 201728K, used 79951K [0x0000000081c00000, 0x000000008e100000, 0x00000000d5f00000)
  object space 201728K, 39% used [0x0000000081c00000,0x0000000086a13f98,0x000000008e100000)
 Metaspace       used 122499K, capacity 126604K, committed 126848K, reserved 1163264K
  class space    used 13104K, capacity 13834K, committed 13952K, reserved 1048576K
Event: 319.672 GC heap after
Heap after GC invocations=32 (full 4):
 PSYoungGen      total 631808K, used 35431K [0x00000000d5f00000, 0x0000000100000000, 0x0000000100000000)
  eden space 577536K, 0% used [0x00000000d5f00000,0x00000000d5f00000,0x00000000f9300000)
  from space 54272K, 65% used [0x00000000fcb00000,0x00000000fed99ef0,0x0000000100000000)
  to   space 55808K, 0% used [0x00000000f9300000,0x00000000f9300000,0x00000000fc980000)
 ParOldGen       total 201728K, used 79959K [0x0000000081c00000, 0x000000008e100000, 0x00000000d5f00000)
  object space 201728K, 39% used [0x0000000081c00000,0x0000000086a15f98,0x000000008e100000)
 Metaspace       used 122499K, capacity 126604K, committed 126848K, reserved 1163264K
  class space    used 13104K, capacity 13834K, committed 13952K, reserved 1048576K
}
Event: 816.402 GC heap before
{Heap before GC invocations=33 (full 4):
 PSYoungGen      total 631808K, used 612967K [0x00000000d5f00000, 0x0000000100000000, 0x0000000100000000)
  eden space 577536K, 100% used [0x00000000d5f00000,0x00000000f9300000,0x00000000f9300000)
  from space 54272K, 65% used [0x00000000fcb00000,0x00000000fed99ef0,0x0000000100000000)
  to   space 55808K, 0% used [0x00000000f9300000,0x00000000f9300000,0x00000000fc980000)
 ParOldGen       total 201728K, used 79959K [0x0000000081c00000, 0x000000008e100000, 0x00000000d5f00000)
  object space 201728K, 39% used [0x0000000081c00000,0x0000000086a15f98,0x000000008e100000)
 Metaspace       used 122588K, capacity 126734K, committed 127104K, reserved 1163264K
  class space    used 13105K, capacity 13835K, committed 13952K, reserved 1048576K
Event: 816.430 GC heap after
Heap after GC invocations=33 (full 4):
 PSYoungGen      total 633344K, used 33211K [0x00000000d5f00000, 0x0000000100000000, 0x0000000100000000)
  eden space 577536K, 0% used [0x00000000d5f00000,0x00000000d5f00000,0x00000000f9300000)
  from space 55808K, 59% used [0x00000000f9300000,0x00000000fb36ec90,0x00000000fc980000)
  to   space 55808K, 0% used [0x00000000fc980000,0x00000000fc980000,0x0000000100000000)
 ParOldGen       total 201728K, used 79967K [0x0000000081c00000, 0x000000008e100000, 0x00000000d5f00000)
  object space 201728K, 39% used [0x0000000081c00000,0x0000000086a17f98,0x000000008e100000)
 Metaspace       used 122588K, capacity 126734K, committed 127104K, reserved 1163264K
  class space    used 13105K, capacity 13835K, committed 13952K, reserved 1048576K
}
Event: 2164.346 GC heap before
{Heap before GC invocations=34 (full 4):
 PSYoungGen      total 633344K, used 610747K [0x00000000d5f00000, 0x0000000100000000, 0x0000000100000000)
  eden space 577536K, 100% used [0x00000000d5f00000,0x00000000f9300000,0x00000000f9300000)
  from space 55808K, 59% used [0x00000000f9300000,0x00000000fb36ec90,0x00000000fc980000)
  to   space 55808K, 0% used [0x00000000fc980000,0x00000000fc980000,0x0000000100000000)
 ParOldGen       total 201728K, used 79967K [0x0000000081c00000, 0x000000008e100000, 0x00000000d5f00000)
  object space 201728K, 39% used [0x0000000081c00000,0x0000000086a17f98,0x000000008e100000)
 Metaspace       used 122719K, capacity 126810K, committed 127104K, reserved 1163264K
  class space    used 13114K, capacity 13837K, committed 13952K, reserved 1048576K

